[2023-08-10 03:15:27,204] [INFO] 5***********@x**.fun 获得了 421MB 流量.
[2023-08-10 03:15:28,927] [INFO] d**@x**.fun 获得了 326MB 流量.
[2023-08-10 03:15:30,654] [INFO] h**@a***********.org 获得了 489MB 流量.
[2023-08-10 03:15:32,140] [INFO] c****@q****.com 获得了 383MB 流量.
[2023-08-11 03:15:01,327] [INFO] 5***********@x**.fun 获得了 300MB 流量.
[2023-08-11 03:15:02,702] [INFO] d**@x**.fun 获得了 394MB 流量.
[2023-08-11 03:15:04,146] [INFO] h**@a***********.org 获得了 452MB 流量.
[2023-08-11 03:15:05,690] [INFO] c****@q****.com 获得了 477MB 流量.
[2023-08-12 03:14:28,229] [INFO] 5***********@x**.fun 获得了 435MB 流量.
[2023-08-12 03:14:29,788] [INFO] d**@x**.fun 获得了 373MB 流量.
[2023-08-12 03:14:31,366] [INFO] h**@a***********.org 获得了 485MB 流量.
[2023-08-12 03:14:32,925] [INFO] c****@q****.com 获得了 479MB 流量.
[2023-08-13 03:14:21,251] [INFO] 5***********@x**.fun 获得了 476MB 流量.
[2023-08-13 03:14:22,631] [INFO] d**@x**.fun 获得了 334MB 流量.
[2023-08-13 03:14:23,989] [INFO] h**@a***********.org 获得了 488MB 流量.
[2023-08-13 03:14:25,585] [INFO] c****@q****.com 获得了 411MB 流量.
[2023-08-14 03:15:04,985] [INFO] 5***********@x**.fun 获得了 362MB 流量.
[2023-08-14 03:15:06,437] [INFO] d**@x**.fun 获得了 484MB 流量.
[2023-08-14 03:15:07,879] [INFO] h**@a***********.org 获得了 365MB 流量.
[2023-08-14 03:15:09,318] [INFO] c****@q****.com 获得了 391MB 流量.
[2023-08-15 03:14:56,596] [INFO] 5***********@x**.fun 获得了 382MB 流量.
[2023-08-15 03:14:58,436] [INFO] d**@x**.fun 获得了 406MB 流量.
[2023-08-15 03:15:00,236] [INFO] h**@a***********.org 获得了 389MB 流量.
[2023-08-15 03:15:02,112] [INFO] c****@q****.com 获得了 315MB 流量.
[2023-08-16 03:15:25,526] [INFO] 5***********@x**.fun 获得了 456MB 流量.
[2023-08-16 03:15:27,131] [INFO] d**@x**.fun 获得了 406MB 流量.
[2023-08-16 03:15:28,749] [INFO] h**@a***********.org 获得了 467MB 流量.
[2023-08-16 03:15:30,112] [INFO] c****@q****.com 获得了 416MB 流量.
[2023-08-17 03:14:52,975] [INFO] 5***********@x**.fun 获得了 322MB 流量.
[2023-08-17 03:14:54,410] [INFO] d**@x**.fun 获得了 401MB 流量.
[2023-08-17 03:14:55,830] [INFO] h**@a***********.org 获得了 358MB 流量.
[2023-08-17 03:14:57,244] [INFO] c****@q****.com 获得了 407MB 流量.
[2023-08-18 03:15:07,335] [INFO] 5***********@x**.fun 获得了 363MB 流量.
[2023-08-18 03:15:09,309] [INFO] d**@x**.fun 获得了 382MB 流量.
[2023-08-18 03:15:10,939] [INFO] h**@a***********.org 获得了 362MB 流量.
[2023-08-18 03:15:12,250] [INFO] c****@q****.com 获得了 470MB 流量.
[2023-08-19 03:15:14,025] [INFO] 5***********@x**.fun 获得了 388MB 流量.
[2023-08-19 03:15:15,616] [INFO] d**@x**.fun 获得了 407MB 流量.
[2023-08-19 03:15:17,219] [INFO] h**@a***********.org 获得了 489MB 流量.
[2023-08-19 03:15:18,927] [INFO] c****@q****.com 获得了 480MB 流量.
[2023-08-20 03:14:21,342] [INFO] 5***********@x**.fun 获得了 454MB 流量.
[2023-08-20 03:14:22,931] [INFO] d**@x**.fun 获得了 364MB 流量.
[2023-08-20 03:14:24,478] [INFO] h**@a***********.org 获得了 466MB 流量.
[2023-08-20 03:14:26,034] [INFO] c****@q****.com 获得了 361MB 流量.
[2023-08-21 03:15:08,617] [INFO] 5***********@x**.fun 获得了 342MB 流量.
[2023-08-21 03:15:10,387] [INFO] d**@x**.fun 获得了 329MB 流量.
[2023-08-21 03:15:12,128] [INFO] h**@a***********.org 获得了 399MB 流量.
[2023-08-21 03:15:13,870] [INFO] c****@q****.com 获得了 333MB 流量.
[2023-08-22 03:15:13,175] [INFO] 5***********@x**.fun 获得了 491MB 流量.
[2023-08-22 03:15:14,830] [INFO] d**@x**.fun 获得了 390MB 流量.
[2023-08-22 03:15:16,733] [INFO] h**@a***********.org 获得了 434MB 流量.
[2023-08-22 03:15:18,429] [INFO] c****@q****.com 获得了 321MB 流量.
[2023-08-23 03:15:14,077] [INFO] 5***********@x**.fun 获得了 372MB 流量.
[2023-08-23 03:15:15,571] [INFO] d**@x**.fun 获得了 339MB 流量.
[2023-08-23 03:15:21,516] [INFO] h**@a***********.org 获得了 306MB 流量.
[2023-08-23 03:15:23,010] [INFO] c****@q****.com 获得了 490MB 流量.
[2023-08-24 03:15:16,892] [INFO] 5***********@x**.fun 获得了 374MB 流量.
[2023-08-24 03:15:18,350] [INFO] d**@x**.fun 获得了 425MB 流量.
[2023-08-24 03:15:19,807] [INFO] h**@a***********.org 获得了 483MB 流量.
[2023-08-24 03:15:21,262] [INFO] c****@q****.com 获得了 304MB 流量.
[2023-08-25 03:15:22,379] [INFO] 5***********@x**.fun 获得了 363MB 流量.
[2023-08-25 03:15:23,870] [INFO] d**@x**.fun 获得了 406MB 流量.
[2023-08-25 03:15:25,338] [INFO] h**@a***********.org 获得了 323MB 流量.
[2023-08-25 03:15:26,819] [INFO] c****@q****.com 获得了 392MB 流量.
[2023-08-26 03:14:41,705] [INFO] 5***********@x**.fun 获得了 441MB 流量.
[2023-08-26 03:14:43,380] [INFO] d**@x**.fun 获得了 417MB 流量.
[2023-08-26 03:14:44,814] [INFO] h**@a***********.org 获得了 424MB 流量.
[2023-08-26 03:14:46,490] [INFO] c****@q****.com 获得了 347MB 流量.
[2023-08-27 03:14:54,905] [INFO] 5***********@x**.fun 获得了 475MB 流量.
[2023-08-27 03:14:56,317] [INFO] d**@x**.fun 获得了 337MB 流量.
[2023-08-27 03:14:57,748] [INFO] h**@a***********.org 获得了 462MB 流量.
[2023-08-27 03:14:58,965] [INFO] c****@q****.com 获得了 448MB 流量.
[2023-08-28 03:15:30,121] [INFO] 5***********@x**.fun 获得了 465MB 流量.
[2023-08-28 03:15:31,880] [INFO] d**@x**.fun 获得了 328MB 流量.
[2023-08-28 03:15:33,685] [INFO] h**@a***********.org 获得了 307MB 流量.
[2023-08-28 03:15:35,314] [INFO] c****@q****.com 获得了 443MB 流量.
[2023-08-29 03:16:08,626] [INFO] 5***********@x**.fun 获得了 457MB 流量.
[2023-08-29 03:16:10,073] [INFO] d**@x**.fun 获得了 312MB 流量.
[2023-08-29 03:16:11,330] [INFO] h**@a***********.org 获得了 473MB 流量.
[2023-08-29 03:16:12,771] [INFO] c****@q****.com 获得了 499MB 流量.
[2023-08-30 03:15:22,349] [INFO] 5***********@x**.fun 获得了 498MB 流量.
[2023-08-30 03:15:23,560] [INFO] d**@x**.fun 获得了 310MB 流量.
[2023-08-30 03:15:24,983] [INFO] h**@a***********.org 获得了 361MB 流量.
[2023-08-30 03:15:26,352] [INFO] c****@q****.com 获得了 370MB 流量.
[2023-08-31 03:15:16,229] [INFO] 5***********@x**.fun 获得了 358MB 流量.
[2023-08-31 03:15:17,617] [INFO] d**@x**.fun 获得了 407MB 流量.
[2023-08-31 03:15:18,823] [INFO] h**@a***********.org 获得了 453MB 流量.
[2023-08-31 03:15:20,241] [INFO] c****@q****.com 获得了 465MB 流量.
[2023-09-01 03:15:52,266] [INFO] 5***********@x**.fun 获得了 438MB 流量.
[2023-09-01 03:15:53,993] [INFO] d**@x**.fun 获得了 495MB 流量.
[2023-09-01 03:15:55,428] [INFO] h**@a***********.org 获得了 496MB 流量.
[2023-09-01 03:15:57,143] [INFO] c****@q****.com 获得了 428MB 流量.
[2023-09-02 03:14:41,579] [INFO] 5***********@x**.fun 获得了 336MB 流量.
[2023-09-02 03:14:42,951] [INFO] d**@x**.fun 获得了 434MB 流量.
[2023-09-02 03:14:44,116] [INFO] h**@a***********.org 获得了 381MB 流量.
[2023-09-02 03:14:45,280] [INFO] c****@q****.com 获得了 496MB 流量.
[2023-09-03 03:14:46,815] [INFO] 5***********@x**.fun 获得了 428MB 流量.
[2023-09-03 03:14:48,523] [INFO] d**@x**.fun 获得了 317MB 流量.
[2023-09-03 03:14:50,323] [INFO] h**@a***********.org 获得了 496MB 流量.
[2023-09-03 03:14:52,050] [INFO] c****@q****.com 获得了 428MB 流量.
[2023-09-04 03:15:43,956] [INFO] 5***********@x**.fun 获得了 452MB 流量.
[2023-09-04 03:15:45,287] [INFO] d**@x**.fun 获得了 407MB 流量.
[2023-09-04 03:15:46,872] [INFO] h**@a***********.org 获得了 450MB 流量.
[2023-09-04 03:15:48,249] [INFO] c****@q****.com 获得了 380MB 流量.
[2023-09-05 03:15:43,178] [INFO] 5***********@x**.fun 获得了 351MB 流量.
[2023-09-05 03:15:44,915] [INFO] d**@x**.fun 获得了 361MB 流量.
[2023-09-05 03:15:46,387] [INFO] h**@a***********.org 获得了 322MB 流量.
[2023-09-05 03:15:48,108] [INFO] c****@q****.com 获得了 470MB 流量.
[2023-09-06 03:15:12,589] [INFO] 5***********@x**.fun 获得了 484MB 流量.
[2023-09-06 03:15:14,286] [INFO] d**@x**.fun 获得了 451MB 流量.
[2023-09-06 03:15:15,984] [INFO] h**@a***********.org 获得了 353MB 流量.
[2023-09-06 03:15:17,698] [INFO] c****@q****.com 获得了 498MB 流量.
[2023-09-07 03:15:07,089] [INFO] 5***********@x**.fun 获得了 413MB 流量.
[2023-09-07 03:15:08,624] [INFO] d**@x**.fun 获得了 472MB 流量.
[2023-09-07 03:15:10,208] [INFO] h**@a***********.org 获得了 431MB 流量.
[2023-09-07 03:15:11,745] [INFO] c****@q****.com 获得了 451MB 流量.
[2023-09-08 03:15:04,941] [INFO] 5***********@x**.fun 获得了 396MB 流量.
[2023-09-08 03:15:06,364] [INFO] d**@x**.fun 获得了 443MB 流量.
[2023-09-08 03:15:07,793] [INFO] h**@a***********.org 获得了 376MB 流量.
[2023-09-08 03:15:09,226] [INFO] c****@q****.com 获得了 326MB 流量.
[2023-09-09 03:14:43,115] [INFO] 5***********@x**.fun 获得了 343MB 流量.
[2023-09-09 03:14:44,716] [INFO] d**@x**.fun 获得了 350MB 流量.
[2023-09-09 03:14:46,336] [INFO] h**@a***********.org 获得了 364MB 流量.
[2023-09-09 03:14:47,885] [INFO] c****@q****.com 获得了 300MB 流量.
[2023-09-10 03:14:51,348] [INFO] 5***********@x**.fun 获得了 462MB 流量.
[2023-09-10 03:14:53,031] [INFO] d**@x**.fun 获得了 482MB 流量.
[2023-09-10 03:14:54,733] [INFO] h**@a***********.org 获得了 447MB 流量.
[2023-09-10 03:14:56,442] [INFO] c****@q****.com 获得了 462MB 流量.
[2023-09-11 03:15:38,907] [INFO] 5***********@x**.fun 获得了 466MB 流量.
[2023-09-11 03:15:40,358] [INFO] d**@x**.fun 获得了 389MB 流量.
[2023-09-11 03:15:41,846] [INFO] h**@a***********.org 获得了 428MB 流量.
[2023-09-11 03:15:43,121] [INFO] c****@q****.com 获得了 500MB 流量.
[2023-09-12 03:15:19,935] [INFO] 5***********@x**.fun 获得了 308MB 流量.
[2023-09-12 03:15:21,376] [INFO] d**@x**.fun 获得了 436MB 流量.
[2023-09-12 03:15:22,847] [INFO] h**@a***********.org 获得了 463MB 流量.
[2023-09-12 03:15:24,091] [INFO] c****@q****.com 获得了 483MB 流量.
[2023-09-13 03:15:22,371] [INFO] 5***********@x**.fun 获得了 324MB 流量.
[2023-09-13 03:15:23,848] [INFO] d**@x**.fun 获得了 401MB 流量.
[2023-09-13 03:15:25,099] [INFO] h**@a***********.org 获得了 443MB 流量.
[2023-09-13 03:15:26,639] [INFO] c****@q****.com 获得了 439MB 流量.
[2023-09-14 03:15:10,707] [INFO] 5***********@x**.fun 获得了 383MB 流量.
[2023-09-14 03:15:12,232] [INFO] d**@x**.fun 获得了 352MB 流量.
[2023-09-14 03:15:13,529] [INFO] h**@a***********.org 获得了 371MB 流量.
[2023-09-14 03:15:15,039] [INFO] c****@q****.com 获得了 404MB 流量.
[2023-09-15 03:15:38,136] [INFO] 5***********@x**.fun 获得了 319MB 流量.
[2023-09-15 03:15:39,912] [INFO] d**@x**.fun 获得了 395MB 流量.
[2023-09-15 03:15:41,729] [INFO] h**@a***********.org 获得了 373MB 流量.
[2023-09-15 03:15:43,489] [INFO] c****@q****.com 获得了 362MB 流量.
[2023-09-16 03:14:51,059] [INFO] 5***********@x**.fun 获得了 482MB 流量.
[2023-09-16 03:14:52,860] [INFO] d**@x**.fun 获得了 492MB 流量.
[2023-09-16 03:14:54,644] [INFO] h**@a***********.org 获得了 444MB 流量.
[2023-09-16 03:14:56,413] [INFO] c****@q****.com 获得了 441MB 流量.
[2023-09-17 03:14:51,339] [INFO] 5***********@x**.fun 获得了 414MB 流量.
[2023-09-17 03:14:53,069] [INFO] d**@x**.fun 获得了 454MB 流量.
[2023-09-17 03:14:54,822] [INFO] h**@a***********.org 获得了 426MB 流量.
[2023-09-17 03:14:56,587] [INFO] c****@q****.com 获得了 323MB 流量.
[2023-09-18 03:15:41,273] [INFO] 5***********@x**.fun 获得了 474MB 流量.
[2023-09-18 03:15:42,985] [INFO] d**@x**.fun 获得了 423MB 流量.
[2023-09-18 03:15:44,704] [INFO] h**@a***********.org 获得了 368MB 流量.
[2023-09-18 03:15:46,452] [INFO] c****@q****.com 获得了 494MB 流量.
[2023-10-07 03:18:25,723] [INFO] z*************@1**.com 您似乎已经签到过了...
[2023-10-08 03:18:08,132] [INFO] z*************@1**.com 您似乎已经签到过了...
[2023-10-09 03:18:31,360] [INFO] z*************@1**.com 您似乎已经签到过了...
[2023-10-10 03:18:38,336] [INFO] z*************@1**.com 您似乎已经签到过了...
[2023-10-11 03:18:50,718] [INFO] z*************@1**.com 您似乎已经签到过了...
[2023-10-12 03:18:28,623] [INFO] z*************@1**.com 您似乎已经签到过了...
[2023-10-13 03:19:16,515] [INFO] z*************@1**.com 您似乎已经签到过了...
[2023-10-14 03:18:02,395] [INFO] z*************@1**.com 您似乎已经签到过了...
[2023-10-15 03:18:16,931] [INFO] z*************@1**.com 您似乎已经签到过了...
[2023-10-16 03:19:21,425] [INFO] z*************@1**.com 您似乎已经签到过了...
[2023-10-17 03:18:49,608] [INFO] z*************@1**.com 您似乎已经签到过了...
[2023-10-18 03:18:46,066] [INFO] z*************@1**.com 您似乎已经签到过了...
[2023-10-19 03:18:32,934] [INFO] z*************@1**.com 您似乎已经签到过了...
[2023-10-20 03:18:32,299] [INFO] z*************@1**.com 您似乎已经签到过了...
[2023-10-21 03:18:18,125] [INFO] z*************@1**.com 您似乎已经签到过了...
[2023-10-22 03:19:11,549] [INFO] z*************@1**.com 您似乎已经签到过了...
[2023-10-23 03:19:13,966] [INFO] z*************@1**.com 您似乎已经签到过了...
[2023-10-24 03:19:42,573] [INFO] z*************@1**.com 您似乎已经签到过了...
[2023-10-25 03:18:46,123] [INFO] z*************@1**.com 您似乎已经签到过了...
[2023-10-26 03:18:18,335] [INFO] z*************@1**.com 您似乎已经签到过了...
[2023-10-27 03:18:12,251] [INFO] z*************@1**.com 您似乎已经签到过了...
[2023-10-28 03:18:02,219] [INFO] z*************@1**.com 您似乎已经签到过了...
[2023-10-29 03:18:15,495] [INFO] z*************@1**.com 您似乎已经签到过了...
[2023-10-30 03:18:54,119] [INFO] z*************@1**.com 您似乎已经签到过了...
[2023-10-31 03:18:43,109] [INFO] z*************@1**.com 您似乎已经签到过了...
[2023-11-01 03:19:01,153] [INFO] z*************@1**.com 您似乎已经签到过了...
[2023-11-02 03:18:52,703] [INFO] z*************@1**.com 您似乎已经签到过了...
[2023-11-03 03:18:44,502] [INFO] z*************@1**.com 您似乎已经签到过了...
[2023-11-04 03:18:28,886] [INFO] z*************@1**.com 您似乎已经签到过了...
[2023-11-05 03:20:35,804] [INFO] z*************@1**.com 您似乎已经签到过了...
[2023-11-06 03:19:04,262] [INFO] z*************@1**.com 您似乎已经签到过了...
[2023-11-07 03:18:47,341] [INFO] z*************@1**.com 您似乎已经签到过了...
[2023-11-08 03:18:54,129] [INFO] z*************@1**.com 您似乎已经签到过了...
[2023-11-09 03:18:34,360] [INFO] z*************@1**.com 您似乎已经签到过了...
[2023-11-10 03:18:54,952] [INFO] z*************@1**.com 您似乎已经签到过了...
[2023-11-11 03:20:08,916] [INFO] z*************@1**.com 您似乎已经签到过了...
[2023-11-12 03:18:22,209] [INFO] z*************@1**.com 您似乎已经签到过了...
[2023-11-13 03:19:03,295] [INFO] z*************@1**.com 您似乎已经签到过了...
[2023-11-14 03:19:03,544] [INFO] z*************@1**.com 您似乎已经签到过了...
[2023-11-15 03:19:38,454] [INFO] z*************@1**.com 您似乎已经签到过了...
[2023-11-16 03:19:40,173] [INFO] z*************@1**.com 您似乎已经签到过了...
[2023-11-17 03:19:36,397] [INFO] z*************@1**.com 您似乎已经签到过了...
[2023-11-18 03:19:11,402] [INFO] z*************@1**.com 您似乎已经签到过了...
[2023-11-19 03:19:00,965] [INFO] z*************@1**.com 您似乎已经签到过了...
[2023-11-20 03:19:59,176] [INFO] z*************@1**.com 您似乎已经签到过了...
[2023-11-21 03:20:09,832] [INFO] z*************@1**.com 您似乎已经签到过了...
[2023-11-22 03:20:18,686] [INFO] z*************@1**.com 获得了 445MB 流量.
[2023-11-23 03:19:28,477] [INFO] z*************@1**.com 获得了 478MB 流量.
[2023-11-24 03:19:27,207] [INFO] z*************@1**.com 获得了 498MB 流量.
[2023-11-25 03:19:26,721] [INFO] z*************@1**.com 您似乎已经签到过了...
[2023-11-26 03:19:13,296] [INFO] z*************@1**.com 获得了 400MB 流量.
[2023-11-27 03:19:54,032] [INFO] z*************@1**.com 获得了 307MB 流量.
[2023-11-28 03:19:47,999] [INFO] z*************@1**.com 获得了 301MB 流量.
[2023-11-29 03:19:24,446] [INFO] z*************@1**.com 获得了 466MB 流量.
[2023-11-30 03:19:23,153] [INFO] z*************@1**.com 获得了 399MB 流量.
[2023-12-01 03:20:16,179] [INFO] z*************@1**.com 获得了 314MB 流量.
[2023-12-02 03:19:05,557] [INFO] z*************@1**.com 获得了 495MB 流量.
[2023-12-03 03:18:56,586] [INFO] z*************@1**.com 获得了 474MB 流量.
[2023-12-04 03:19:53,637] [INFO] z*************@1**.com 获得了 370MB 流量.
[2023-12-05 03:20:25,049] [INFO] z*************@1**.com 获得了 378MB 流量.
[2023-12-06 03:20:08,610] [INFO] z*************@1**.com 获得了 406MB 流量.
[2023-12-07 03:19:46,096] [INFO] z*************@1**.com 获得了 469MB 流量.
[2023-12-08 03:19:37,146] [INFO] z*************@1**.com 获得了 319MB 流量.
[2023-12-09 03:18:58,055] [INFO] z*************@1**.com 获得了 419MB 流量.
[2023-12-10 03:19:37,041] [INFO] z*************@1**.com 获得了 458MB 流量.
[2023-12-11 03:20:19,300] [INFO] z*************@1**.com 获得了 481MB 流量.
[2023-12-12 03:20:09,095] [INFO] z*************@1**.com 获得了 347MB 流量.
[2023-12-13 03:20:12,987] [INFO] z*************@1**.com 获得了 342MB 流量.
[2023-12-14 03:19:44,293] [INFO] z*************@1**.com 获得了 405MB 流量.
[2023-12-15 03:20:12,968] [INFO] z*************@1**.com 获得了 409MB 流量.
[2023-12-16 03:19:29,852] [INFO] z*************@1**.com 获得了 376MB 流量.
[2023-12-17 03:19:33,045] [INFO] z*************@1**.com 获得了 348MB 流量.
[2023-12-18 03:20:07,140] [INFO] z*************@1**.com 获得了 455MB 流量.
[2023-12-19 03:20:21,088] [INFO] z*************@1**.com 获得了 439MB 流量.
[2023-12-20 03:16:05,470] [INFO] z*************@1**.com 获得了 344MB 流量.
[2023-12-21 03:19:26,601] [INFO] z*************@1**.com 获得了 442MB 流量.
[2023-12-22 03:19:36,378] [INFO] z*************@1**.com 获得了 351MB 流量.
[2023-12-23 03:19:17,925] [INFO] z*************@1**.com 获得了 445MB 流量.
[2023-12-24 03:19:19,242] [INFO] z*************@1**.com 获得了 455MB 流量.
[2023-12-25 03:19:47,911] [INFO] z*************@1**.com 获得了 453MB 流量.
[2023-12-26 03:19:26,299] [INFO] z*************@1**.com 系统无法接受您的验证结果，请完成非机器人验证。
[2023-12-27 03:19:57,810] [INFO] z*************@1**.com 系统无法接受您的验证结果，请完成非机器人验证。
[2023-12-28 03:19:38,373] [INFO] z*************@1**.com 系统无法接受您的验证结果，请完成非机器人验证。
[2023-12-29 03:19:42,041] [INFO] z*************@1**.com 系统无法接受您的验证结果，请完成非机器人验证。
[2023-12-30 03:19:17,531] [INFO] z*************@1**.com 系统无法接受您的验证结果，请完成非机器人验证。
[2023-12-31 03:19:30,747] [INFO] z*************@1**.com 系统无法接受您的验证结果，请完成非机器人验证。
[2024-01-01 03:20:35,023] [INFO] z*************@1**.com 系统无法接受您的验证结果，请完成非机器人验证。
[2024-01-02 03:19:49,893] [INFO] z*************@1**.com 系统无法接受您的验证结果，请完成非机器人验证。
[2024-01-03 03:20:39,052] [INFO] z*************@1**.com 系统无法接受您的验证结果，请完成非机器人验证。
[2024-01-04 03:19:47,968] [INFO] z*************@1**.com 系统无法接受您的验证结果，请完成非机器人验证。
[2024-01-05 03:19:43,133] [INFO] z*************@1**.com 系统无法接受您的验证结果，请完成非机器人验证。
[2024-01-06 03:19:11,381] [INFO] z*************@1**.com 系统无法接受您的验证结果，请完成非机器人验证。
[2024-01-07 03:19:52,115] [INFO] z*************@1**.com 系统无法接受您的验证结果，请完成非机器人验证。
[2024-01-08 03:20:22,760] [INFO] z*************@1**.com 系统无法接受您的验证结果，请完成非机器人验证。
[2024-01-09 03:20:08,521] [INFO] z*************@1**.com 系统无法接受您的验证结果，请完成非机器人验证。
[2024-01-10 03:20:37,953] [INFO] z*************@1**.com 系统无法接受您的验证结果，请完成非机器人验证。
[2024-01-11 03:20:09,875] [INFO] z*************@1**.com 系统无法接受您的验证结果，请完成非机器人验证。
[2024-01-12 03:20:21,653] [INFO] z*************@1**.com 系统无法接受您的验证结果，请完成非机器人验证。
[2024-01-13 03:19:42,595] [INFO] z*************@1**.com 系统无法接受您的验证结果，请完成非机器人验证。
[2024-01-14 03:20:24,465] [INFO] z*************@1**.com 系统无法接受您的验证结果，请完成非机器人验证。
[2024-01-15 03:20:43,588] [INFO] z*************@1**.com 系统无法接受您的验证结果，请完成非机器人验证。
[2024-01-16 03:21:22,750] [INFO] z*************@1**.com 系统无法接受您的验证结果，请完成非机器人验证。
[2024-01-17 03:21:17,323] [INFO] z*************@1**.com 系统无法接受您的验证结果，请完成非机器人验证。
[2024-01-18 03:20:30,141] [INFO] z*************@1**.com 系统无法接受您的验证结果，请完成非机器人验证。
[2024-01-19 03:20:37,950] [INFO] z*************@1**.com 系统无法接受您的验证结果，请完成非机器人验证。
[2024-01-20 03:19:59,020] [INFO] z*************@1**.com 系统无法接受您的验证结果，请完成非机器人验证。
[2024-01-21 03:19:56,263] [INFO] z*************@1**.com 系统无法接受您的验证结果，请完成非机器人验证。
[2024-01-22 03:21:09,588] [INFO] z*************@1**.com 系统无法接受您的验证结果，请完成非机器人验证。
[2024-01-23 03:20:31,190] [INFO] z*************@1**.com 系统无法接受您的验证结果，请完成非机器人验证。
[2024-01-24 03:20:32,680] [INFO] z*************@1**.com 系统无法接受您的验证结果，请完成非机器人验证。
[2024-01-25 03:20:26,923] [INFO] z*************@1**.com 系统无法接受您的验证结果，请完成非机器人验证。
[2024-01-26 03:19:56,805] [INFO] z*************@1**.com 系统无法接受您的验证结果，请完成非机器人验证。
[2024-01-27 03:17:45,192] [INFO] z*************@1**.com 系统无法接受您的验证结果，请完成非机器人验证。
[2024-01-28 03:17:55,558] [INFO] z*************@1**.com 系统无法接受您的验证结果，请完成非机器人验证。
[2024-01-29 03:19:01,646] [INFO] z*************@1**.com 系统无法接受您的验证结果，请完成非机器人验证。
[2024-01-30 03:18:20,869] [INFO] z*************@1**.com 系统无法接受您的验证结果，请完成非机器人验证。
[2024-01-31 03:18:44,205] [INFO] z*************@1**.com 系统无法接受您的验证结果，请完成非机器人验证。
[2024-02-01 03:19:32,515] [INFO] z*************@1**.com 系统无法接受您的验证结果，请完成非机器人验证。
[2024-02-02 03:18:58,571] [INFO] z*************@1**.com 系统无法接受您的验证结果，请完成非机器人验证。
[2024-02-03 03:21:19,134] [INFO] z*************@1**.com 系统无法接受您的验证结果，请完成非机器人验证。
[2024-02-04 03:19:32,526] [INFO] z*************@1**.com 系统无法接受您的验证结果，请完成非机器人验证。
[2024-02-05 03:19:41,912] [INFO] z*************@1**.com 系统无法接受您的验证结果，请完成非机器人验证。
[2024-02-06 03:19:27,742] [INFO] z*************@1**.com 系统无法接受您的验证结果，请完成非机器人验证。
[2024-02-07 03:19:38,797] [INFO] z*************@1**.com 系统无法接受您的验证结果，请完成非机器人验证。
[2024-02-08 03:19:28,450] [INFO] z*************@1**.com 系统无法接受您的验证结果，请完成非机器人验证。
[2024-02-09 03:18:47,337] [INFO] z*************@1**.com 系统无法接受您的验证结果，请完成非机器人验证。
[2024-02-10 03:18:51,770] [INFO] z*************@1**.com 系统无法接受您的验证结果，请完成非机器人验证。
[2024-02-11 03:18:51,937] [INFO] z*************@1**.com 系统无法接受您的验证结果，请完成非机器人验证。
[2024-02-12 03:18:48,079] [INFO] z*************@1**.com 系统无法接受您的验证结果，请完成非机器人验证。
[2024-02-13 03:20:09,684] [INFO] z*************@1**.com 系统无法接受您的验证结果，请完成非机器人验证。
[2024-02-14 03:20:04,503] [INFO] z*************@1**.com 系统无法接受您的验证结果，请完成非机器人验证。
[2024-02-15 03:21:03,756] [INFO] z*************@1**.com 系统无法接受您的验证结果，请完成非机器人验证。
[2024-02-16 03:20:04,501] [INFO] z*************@1**.com 系统无法接受您的验证结果，请完成非机器人验证。
[2024-02-17 03:19:02,443] [INFO] z*************@1**.com 系统无法接受您的验证结果，请完成非机器人验证。
[2024-02-18 03:18:23,734] [INFO] z*************@1**.com 系统无法接受您的验证结果，请完成非机器人验证。
[2024-02-19 03:19:11,623] [INFO] z*************@1**.com 系统无法接受您的验证结果，请完成非机器人验证。
[2024-02-20 03:19:28,019] [INFO] z*************@1**.com 系统无法接受您的验证结果，请完成非机器人验证。
[2024-02-21 03:18:44,659] [INFO] z*************@1**.com 系统无法接受您的验证结果，请完成非机器人验证。
[2024-02-22 03:18:53,760] [INFO] z*************@1**.com 系统无法接受您的验证结果，请完成非机器人验证。
[2024-02-23 03:18:44,899] [INFO] z*************@1**.com 系统无法接受您的验证结果，请完成非机器人验证。
[2024-02-24 03:20:46,964] [INFO] z*************@1**.com 系统无法接受您的验证结果，请完成非机器人验证。
[2024-02-25 03:20:12,152] [INFO] z*************@1**.com 系统无法接受您的验证结果，请完成非机器人验证。
[2024-02-26 03:20:06,605] [INFO] z*************@1**.com 系统无法接受您的验证结果，请完成非机器人验证。如果看不到非机器人验证按钮，请先翻墙再刷新页面。
[2024-02-27 03:19:25,421] [INFO] z*************@1**.com 系统无法接受您的验证结果，请完成非机器人验证。如果看不到非机器人验证按钮，请先翻墙再刷新页面。
[2024-02-28 03:18:46,182] [INFO] z*************@1**.com 系统无法接受您的验证结果，请完成非机器人验证。如果看不到非机器人验证按钮，请先翻墙再刷新页面。
[2024-02-29 03:21:17,554] [INFO] z*************@1**.com 系统无法接受您的验证结果，请完成非机器人验证。如果看不到非机器人验证按钮，请先翻墙再刷新页面。
[2024-03-01 03:23:35,343] [INFO] z*************@1**.com 系统无法接受您的验证结果，请完成非机器人验证。如果看不到非机器人验证按钮，请先翻墙再刷新页面。
[2024-03-02 03:18:04,861] [INFO] z*************@1**.com 系统无法接受您的验证结果，请完成非机器人验证。如果看不到非机器人验证按钮，请先翻墙再刷新页面。
[2024-03-03 03:18:19,895] [INFO] z*************@1**.com 系统无法接受您的验证结果，请完成非机器人验证。如果看不到非机器人验证按钮，请先翻墙再刷新页面。
[2024-03-04 03:48:30,212] [INFO] z*************@1**.com 系统无法接受您的验证结果，请完成非机器人验证。如果看不到非机器人验证按钮，请先翻墙再刷新页面。
[2024-03-05 03:20:38,169] [INFO] z*************@1**.com 系统无法接受您的验证结果，请完成非机器人验证。如果看不到非机器人验证按钮，请先翻墙再刷新页面。
[2024-03-06 03:18:30,349] [INFO] z*************@1**.com 系统无法接受您的验证结果，请完成非机器人验证。如果看不到非机器人验证按钮，请先翻墙再刷新页面。
[2024-03-07 03:16:23,599] [INFO] z*************@1**.com 系统无法接受您的验证结果，请完成非机器人验证。如果看不到非机器人验证按钮，请先翻墙再刷新页面。
[2024-03-08 03:18:35,444] [INFO] z*************@1**.com 您似乎已经签到过了...
[2024-03-09 03:22:15,312] [INFO] z*************@1**.com 系统无法接受您的验证结果，请完成非机器人验证。如果看不到非机器人验证按钮，请先翻墙再刷新页面。
[2024-03-10 03:18:55,396] [INFO] z*************@1**.com 系统无法接受您的验证结果，请完成非机器人验证。如果看不到非机器人验证按钮，请先翻墙再刷新页面。
[2024-03-11 03:21:17,839] [INFO] z*************@1**.com 系统无法接受您的验证结果，请完成非机器人验证。如果看不到非机器人验证按钮，请先翻墙再刷新页面。
[2024-03-12 03:22:16,181] [INFO] z*************@1**.com 系统无法接受您的验证结果，请完成非机器人验证。如果看不到非机器人验证按钮，请先翻墙再刷新页面。
[2024-03-13 03:20:38,548] [INFO] z*************@1**.com 系统无法接受您的验证结果，请完成非机器人验证。如果看不到非机器人验证按钮，请先翻墙再刷新页面。
[2024-03-14 03:19:21,488] [INFO] z*************@1**.com 系统无法接受您的验证结果，请完成非机器人验证。如果看不到非机器人验证按钮，请先翻墙再刷新页面。
[2024-03-15 03:21:07,629] [INFO] z*************@1**.com 系统无法接受您的验证结果，请完成非机器人验证。如果看不到非机器人验证按钮，请先翻墙再刷新页面。
[2024-03-16 03:19:33,181] [INFO] z*************@1**.com 系统无法接受您的验证结果，请完成非机器人验证。如果看不到非机器人验证按钮，请先翻墙再刷新页面。
[2024-03-17 03:18:35,879] [INFO] z*************@1**.com 系统无法接受您的验证结果，请完成非机器人验证。如果看不到非机器人验证按钮，请先翻墙再刷新页面。
[2024-03-18 03:20:19,034] [INFO] z*************@1**.com 系统无法接受您的验证结果，请完成非机器人验证。如果看不到非机器人验证按钮，请先翻墙再刷新页面。
[2024-03-19 03:19:14,661] [INFO] z*************@1**.com 系统无法接受您的验证结果，请完成非机器人验证。如果看不到非机器人验证按钮，请先翻墙再刷新页面。
[2024-03-20 03:19:41,936] [INFO] z*************@1**.com 系统无法接受您的验证结果，请完成非机器人验证。如果看不到非机器人验证按钮，请先翻墙再刷新页面。
[2024-03-21 03:20:28,581] [INFO] z*************@1**.com 系统无法接受您的验证结果，请完成非机器人验证。如果看不到非机器人验证按钮，请先翻墙再刷新页面。
[2024-03-22 03:19:34,259] [INFO] z*************@1**.com 系统无法接受您的验证结果，请完成非机器人验证。如果看不到非机器人验证按钮，请先翻墙再刷新页面。
[2024-03-23 03:20:02,865] [INFO] z*************@1**.com 系统无法接受您的验证结果，请完成非机器人验证。如果看不到非机器人验证按钮，请先翻墙再刷新页面。
[2024-03-24 03:18:19,617] [INFO] z*************@1**.com 系统无法接受您的验证结果，请完成非机器人验证。如果看不到非机器人验证按钮，请先翻墙再刷新页面。
[2024-03-25 03:21:44,030] [INFO] z*************@1**.com 系统无法接受您的验证结果，请完成非机器人验证。如果看不到非机器人验证按钮，请先翻墙再刷新页面。
[2024-03-26 03:18:31,531] [INFO] z*************@1**.com 系统无法接受您的验证结果，请完成非机器人验证。如果看不到非机器人验证按钮，请先翻墙再刷新页面。
[2024-03-27 03:20:08,362] [INFO] z*************@1**.com 系统无法接受您的验证结果，请完成非机器人验证。如果看不到非机器人验证按钮，请先翻墙再刷新页面。
[2024-03-28 03:20:26,256] [INFO] z*************@1**.com 系统无法接受您的验证结果，请完成非机器人验证。如果看不到非机器人验证按钮，请先翻墙再刷新页面。
[2024-03-29 03:18:35,432] [INFO] z*************@1**.com 系统无法接受您的验证结果，请完成非机器人验证。如果看不到非机器人验证按钮，请先翻墙再刷新页面。
[2024-03-30 03:21:55,430] [INFO] z*************@1**.com 系统无法接受您的验证结果，请完成非机器人验证。如果看不到非机器人验证按钮，请先翻墙再刷新页面。
[2024-03-31 03:20:38,193] [INFO] z*************@1**.com 系统无法接受您的验证结果，请完成非机器人验证。如果看不到非机器人验证按钮，请先翻墙再刷新页面。
[2024-04-01 03:19:37,181] [INFO] z*************@1**.com 系统无法接受您的验证结果，请完成非机器人验证。如果看不到非机器人验证按钮，请先翻墙再刷新页面。
[2024-04-02 03:21:13,385] [INFO] z*************@1**.com 系统无法接受您的验证结果，请完成非机器人验证。如果看不到非机器人验证按钮，请先翻墙再刷新页面。
[2024-04-03 03:20:04,664] [INFO] z*************@1**.com 系统无法接受您的验证结果，请完成非机器人验证。如果看不到非机器人验证按钮，请先翻墙再刷新页面。
[2024-04-04 03:21:59,108] [INFO] z*************@1**.com 系统无法接受您的验证结果，请完成非机器人验证。如果看不到非机器人验证按钮，请先翻墙再刷新页面。
[2024-04-05 03:22:03,490] [INFO] z*************@1**.com 系统无法接受您的验证结果，请完成非机器人验证。如果看不到非机器人验证按钮，请先翻墙再刷新页面。
[2024-04-06 03:19:36,276] [INFO] z*************@1**.com 系统无法接受您的验证结果，请完成非机器人验证。如果看不到非机器人验证按钮，请先翻墙再刷新页面。
[2024-04-07 03:19:25,349] [INFO] z*************@1**.com 系统无法接受您的验证结果，请完成非机器人验证。如果看不到非机器人验证按钮，请先翻墙再刷新页面。
[2024-04-08 03:20:08,332] [INFO] z*************@1**.com 系统无法接受您的验证结果，请完成非机器人验证。如果看不到非机器人验证按钮，请先翻墙再刷新页面。
[2024-04-09 03:21:25,603] [INFO] z*************@1**.com 系统无法接受您的验证结果，请完成非机器人验证。如果看不到非机器人验证按钮，请先翻墙再刷新页面。
[2024-04-10 03:21:11,019] [INFO] z*************@1**.com 系统无法接受您的验证结果，请完成非机器人验证。如果看不到非机器人验证按钮，请先翻墙再刷新页面。
[2024-04-11 03:19:22,789] [INFO] z*************@1**.com 系统无法接受您的验证结果，请完成非机器人验证。如果看不到非机器人验证按钮，请先翻墙再刷新页面。
[2024-04-12 03:20:33,688] [INFO] z*************@1**.com 系统无法接受您的验证结果，请完成非机器人验证。如果看不到非机器人验证按钮，请先翻墙再刷新页面。
[2024-04-13 03:15:53,776] [INFO] z*************@1**.com 系统无法接受您的验证结果，请完成非机器人验证。如果看不到非机器人验证按钮，请先翻墙再刷新页面。
[2024-04-14 03:53:25,883] [INFO] z*************@1**.com 系统无法接受您的验证结果，请完成非机器人验证。如果看不到非机器人验证按钮，请先翻墙再刷新页面。
[2024-04-15 04:14:40,337] [INFO] z*************@1**.com 系统无法接受您的验证结果，请完成非机器人验证。如果看不到非机器人验证按钮，请先翻墙再刷新页面。
[2024-04-17 03:19:34,216] [INFO] z*************@1**.com 系统无法接受您的验证结果，请完成非机器人验证。如果看不到非机器人验证按钮，请先翻墙再刷新页面。
[2024-04-18 03:19:09,698] [INFO] z*************@1**.com 系统无法接受您的验证结果，请完成非机器人验证。如果看不到非机器人验证按钮，请先翻墙再刷新页面。
[2024-04-19 03:21:18,630] [INFO] z*************@1**.com 系统无法接受您的验证结果，请完成非机器人验证。如果看不到非机器人验证按钮，请先翻墙再刷新页面。
[2024-04-20 03:20:14,207] [INFO] z*************@1**.com 系统无法接受您的验证结果，请完成非机器人验证。如果看不到非机器人验证按钮，请先翻墙再刷新页面。
[2024-04-21 03:18:48,814] [INFO] z*************@1**.com 系统无法接受您的验证结果，请完成非机器人验证。如果看不到非机器人验证按钮，请先翻墙再刷新页面。
[2024-04-22 03:21:08,057] [INFO] z*************@1**.com 系统无法接受您的验证结果，请完成非机器人验证。如果看不到非机器人验证按钮，请先翻墙再刷新页面。
[2024-04-23 03:20:10,165] [INFO] z*************@1**.com 系统无法接受您的验证结果，请完成非机器人验证。如果看不到非机器人验证按钮，请先翻墙再刷新页面。
[2024-04-24 03:21:01,345] [INFO] z*************@1**.com 系统无法接受您的验证结果，请完成非机器人验证。如果看不到非机器人验证按钮，请先翻墙再刷新页面。
[2024-04-25 03:33:07,600] [INFO] z*************@1**.com 系统无法接受您的验证结果，请完成非机器人验证。如果看不到非机器人验证按钮，请先翻墙再刷新页面。
[2024-04-26 03:21:28,064] [INFO] z*************@1**.com 系统无法接受您的验证结果，请完成非机器人验证。如果看不到非机器人验证按钮，请先翻墙再刷新页面。
[2024-04-27 03:22:14,074] [INFO] z*************@1**.com 系统无法接受您的验证结果，请完成非机器人验证。如果看不到非机器人验证按钮，请先翻墙再刷新页面。
[2024-04-28 03:20:40,539] [INFO] z*************@1**.com 系统无法接受您的验证结果，请完成非机器人验证。如果看不到非机器人验证按钮，请先翻墙再刷新页面。
[2024-04-29 03:20:44,255] [INFO] z*************@1**.com 系统无法接受您的验证结果，请完成非机器人验证。如果看不到非机器人验证按钮，请先翻墙再刷新页面。
[2024-04-30 03:20:29,038] [INFO] z*************@1**.com 系统无法接受您的验证结果，请完成非机器人验证。如果看不到非机器人验证按钮，请先翻墙再刷新页面。
[2024-05-01 03:23:45,606] [INFO] z*************@1**.com 系统无法接受您的验证结果，请完成非机器人验证。如果看不到非机器人验证按钮，请先翻墙再刷新页面。
[2024-05-02 03:20:28,219] [INFO] z*************@1**.com 系统无法接受您的验证结果，请完成非机器人验证。如果看不到非机器人验证按钮，请先翻墙再刷新页面。
[2024-05-03 03:23:25,169] [INFO] z*************@1**.com 系统无法接受您的验证结果，请完成非机器人验证。如果看不到非机器人验证按钮，请先翻墙再刷新页面。
[2024-05-04 03:21:55,122] [INFO] z*************@1**.com 系统无法接受您的验证结果，请完成非机器人验证。如果看不到非机器人验证按钮，请先翻墙再刷新页面。
[2024-05-05 03:20:07,685] [INFO] z*************@1**.com 系统无法接受您的验证结果，请完成非机器人验证。如果看不到非机器人验证按钮，请先翻墙再刷新页面。
[2024-05-06 03:22:01,615] [INFO] z*************@1**.com 系统无法接受您的验证结果，请完成非机器人验证。如果看不到非机器人验证按钮，请先翻墙再刷新页面。
[2024-05-07 03:22:01,595] [INFO] z*************@1**.com 系统无法接受您的验证结果，请完成非机器人验证。如果看不到非机器人验证按钮，请先翻墙再刷新页面。
[2024-05-08 03:21:12,083] [INFO] z*************@1**.com 系统无法接受您的验证结果，请完成非机器人验证。如果看不到非机器人验证按钮，请先翻墙再刷新页面。
[2024-05-09 03:21:48,974] [INFO] z*************@1**.com 系统无法接受您的验证结果，请完成非机器人验证。如果看不到非机器人验证按钮，请先翻墙再刷新页面。
[2024-05-10 03:20:29,271] [INFO] z*************@1**.com 系统无法接受您的验证结果，请完成非机器人验证。如果看不到非机器人验证按钮，请先翻墙再刷新页面。
[2024-05-11 03:21:18,504] [INFO] z*************@1**.com 系统无法接受您的验证结果，请完成非机器人验证。如果看不到非机器人验证按钮，请先翻墙再刷新页面。
[2024-05-12 03:21:02,560] [INFO] z*************@1**.com 系统无法接受您的验证结果，请完成非机器人验证。如果看不到非机器人验证按钮，请先翻墙再刷新页面。
[2024-05-13 03:21:04,927] [INFO] z*************@1**.com 系统无法接受您的验证结果，请完成非机器人验证。如果看不到非机器人验证按钮，请先翻墙再刷新页面。
[2024-05-14 03:22:49,031] [INFO] z*************@1**.com 系统无法接受您的验证结果，请完成非机器人验证。如果看不到非机器人验证按钮，请先翻墙再刷新页面。
[2024-05-16 03:24:02,224] [INFO] z*************@1**.com 系统无法接受您的验证结果，请完成非机器人验证。如果看不到非机器人验证按钮，请先翻墙再刷新页面。
[2024-05-17 03:21:18,138] [INFO] z*************@1**.com 系统无法接受您的验证结果，请完成非机器人验证。如果看不到非机器人验证按钮，请先翻墙再刷新页面。
[2024-05-18 03:20:58,953] [INFO] z*************@1**.com 系统无法接受您的验证结果，请完成非机器人验证。如果看不到非机器人验证按钮，请先翻墙再刷新页面。
[2024-05-19 03:22:56,379] [INFO] z*************@1**.com 系统无法接受您的验证结果，请完成非机器人验证。如果看不到非机器人验证按钮，请先翻墙再刷新页面。
[2024-05-20 03:22:10,158] [INFO] z*************@1**.com 系统无法接受您的验证结果，请完成非机器人验证。如果看不到非机器人验证按钮，请先翻墙再刷新页面。
[2024-05-21 03:22:06,125] [INFO] z*************@1**.com 系统无法接受您的验证结果，请完成非机器人验证。如果看不到非机器人验证按钮，请先翻墙再刷新页面。
[2024-05-22 03:23:24,195] [INFO] z*************@1**.com 系统无法接受您的验证结果，请完成非机器人验证。如果看不到非机器人验证按钮，请先翻墙再刷新页面。
[2024-05-23 03:21:34,162] [INFO] z*************@1**.com 系统无法接受您的验证结果，请完成非机器人验证。如果看不到非机器人验证按钮，请先翻墙再刷新页面。
[2024-05-24 03:21:48,506] [INFO] z*************@1**.com 系统无法接受您的验证结果，请完成非机器人验证。如果看不到非机器人验证按钮，请先翻墙再刷新页面。
[2024-05-25 03:24:37,191] [INFO] z*************@1**.com 系统无法接受您的验证结果，请完成非机器人验证。如果看不到非机器人验证按钮，请先翻墙再刷新页面。
[2024-05-26 03:21:35,188] [INFO] z*************@1**.com 系统无法接受您的验证结果，请完成非机器人验证。如果看不到非机器人验证按钮，请先翻墙再刷新页面。
[2024-05-27 03:23:12,444] [INFO] z*************@1**.com 系统无法接受您的验证结果，请完成非机器人验证。如果看不到非机器人验证按钮，请先翻墙再刷新页面。
[2024-05-28 03:23:10,696] [INFO] z*************@1**.com 系统无法接受您的验证结果，请完成非机器人验证。如果看不到非机器人验证按钮，请先翻墙再刷新页面。
[2024-05-29 03:22:30,422] [INFO] z*************@1**.com 系统无法接受您的验证结果，请完成非机器人验证。如果看不到非机器人验证按钮，请先翻墙再刷新页面。
[2024-05-30 03:22:42,160] [INFO] z*************@1**.com 系统无法接受您的验证结果，请完成非机器人验证。如果看不到非机器人验证按钮，请先翻墙再刷新页面。
[2024-05-31 03:22:02,900] [INFO] z*************@1**.com 系统无法接受您的验证结果，请完成非机器人验证。如果看不到非机器人验证按钮，请先翻墙再刷新页面。
[2024-06-01 03:24:31,824] [INFO] z*************@1**.com 系统无法接受您的验证结果，请完成非机器人验证。如果看不到非机器人验证按钮，请先翻墙再刷新页面。
[2024-06-02 03:22:35,686] [INFO] z*************@1**.com 系统无法接受您的验证结果，请完成非机器人验证。如果看不到非机器人验证按钮，请先翻墙再刷新页面。
[2024-06-03 03:23:28,925] [INFO] z*************@1**.com 系统无法接受您的验证结果，请完成非机器人验证。如果看不到非机器人验证按钮，请先翻墙再刷新页面。
[2024-06-04 03:23:22,971] [INFO] z*************@1**.com 系统无法接受您的验证结果，请完成非机器人验证。如果看不到非机器人验证按钮，请先翻墙再刷新页面。
[2024-06-05 03:24:42,077] [INFO] z*************@1**.com 系统无法接受您的验证结果，请完成非机器人验证。如果看不到非机器人验证按钮，请先翻墙再刷新页面。
[2024-06-06 03:23:22,726] [INFO] z*************@1**.com 系统无法接受您的验证结果，请完成非机器人验证。如果看不到非机器人验证按钮，请先翻墙再刷新页面。
[2024-06-07 03:23:58,378] [INFO] z*************@1**.com 系统无法接受您的验证结果，请完成非机器人验证。如果看不到非机器人验证按钮，请先翻墙再刷新页面。
[2024-06-08 03:21:57,549] [INFO] z*************@1**.com 系统无法接受您的验证结果，请完成非机器人验证。如果看不到非机器人验证按钮，请先翻墙再刷新页面。
[2024-06-09 03:22:33,204] [INFO] z*************@1**.com 系统无法接受您的验证结果，请完成非机器人验证。如果看不到非机器人验证按钮，请先翻墙再刷新页面。
[2024-06-10 03:22:59,050] [INFO] z*************@1**.com 系统无法接受您的验证结果，请完成非机器人验证。如果看不到非机器人验证按钮，请先翻墙再刷新页面。
[2024-06-11 03:22:48,913] [INFO] z*************@1**.com 系统无法接受您的验证结果，请完成非机器人验证。如果看不到非机器人验证按钮，请先翻墙再刷新页面。
[2024-06-12 03:23:21,967] [INFO] z*************@1**.com 系统无法接受您的验证结果，请完成非机器人验证。如果看不到非机器人验证按钮，请先翻墙再刷新页面。
[2024-06-13 03:22:38,204] [INFO] z*************@1**.com 系统无法接受您的验证结果，请完成非机器人验证。如果看不到非机器人验证按钮，请先翻墙再刷新页面。
[2024-06-14 03:22:50,837] [INFO] z*************@1**.com 系统无法接受您的验证结果，请完成非机器人验证。如果看不到非机器人验证按钮，请先翻墙再刷新页面。
[2024-06-15 03:22:04,555] [INFO] z*************@1**.com 系统无法接受您的验证结果，请完成非机器人验证。如果看不到非机器人验证按钮，请先翻墙再刷新页面。
[2024-06-16 03:22:38,132] [INFO] z*************@1**.com 系统无法接受您的验证结果，请完成非机器人验证。如果看不到非机器人验证按钮，请先翻墙再刷新页面。
[2024-06-17 03:24:10,062] [INFO] z*************@1**.com 系统无法接受您的验证结果，请完成非机器人验证。如果看不到非机器人验证按钮，请先翻墙再刷新页面。
[2024-06-18 03:24:06,945] [INFO] z*************@1**.com 系统无法接受您的验证结果，请完成非机器人验证。如果看不到非机器人验证按钮，请先翻墙再刷新页面。
[2024-06-19 03:22:57,921] [INFO] z*************@1**.com 系统无法接受您的验证结果，请完成非机器人验证。如果看不到非机器人验证按钮，请先翻墙再刷新页面。
[2024-06-20 03:23:12,987] [INFO] z*************@1**.com 系统无法接受您的验证结果，请完成非机器人验证。如果看不到非机器人验证按钮，请先翻墙再刷新页面。
[2024-06-21 03:23:39,109] [INFO] z*************@1**.com 系统无法接受您的验证结果，请完成非机器人验证。如果看不到非机器人验证按钮，请先翻墙再刷新页面。
[2024-06-22 03:23:57,065] [INFO] z*************@1**.com 系统无法接受您的验证结果，请完成非机器人验证。如果看不到非机器人验证按钮，请先翻墙再刷新页面。
[2024-06-23 03:22:07,208] [INFO] z*************@1**.com 系统无法接受您的验证结果，请完成非机器人验证。如果看不到非机器人验证按钮，请先翻墙再刷新页面。
[2024-06-24 03:23:07,449] [INFO] z*************@1**.com 系统无法接受您的验证结果，请完成非机器人验证。如果看不到非机器人验证按钮，请先翻墙再刷新页面。
[2024-06-25 03:23:09,842] [INFO] z*************@1**.com 系统无法接受您的验证结果，请完成非机器人验证。如果看不到非机器人验证按钮，请先翻墙再刷新页面。
[2024-06-26 03:24:08,701] [INFO] z*************@1**.com 系统无法接受您的验证结果，请完成非机器人验证。如果看不到非机器人验证按钮，请先翻墙再刷新页面。
[2024-06-27 03:23:00,906] [INFO] z*************@1**.com 系统无法接受您的验证结果，请完成非机器人验证。如果看不到非机器人验证按钮，请先翻墙再刷新页面。
[2024-06-28 03:23:51,739] [INFO] z*************@1**.com 系统无法接受您的验证结果，请完成非机器人验证。如果看不到非机器人验证按钮，请先翻墙再刷新页面。
[2024-06-29 03:23:30,454] [INFO] z*************@1**.com 系统无法接受您的验证结果，请完成非机器人验证。如果看不到非机器人验证按钮，请先翻墙再刷新页面。
[2024-06-30 03:24:18,689] [INFO] z*************@1**.com 系统无法接受您的验证结果，请完成非机器人验证。如果看不到非机器人验证按钮，请先翻墙再刷新页面。
[2024-07-01 03:24:13,412] [INFO] z*************@1**.com 系统无法接受您的验证结果，请完成非机器人验证。如果看不到非机器人验证按钮，请先翻墙再刷新页面。
[2024-07-02 03:22:38,506] [INFO] z*************@1**.com 系统无法接受您的验证结果，请完成非机器人验证。如果看不到非机器人验证按钮，请先翻墙再刷新页面。
[2024-07-03 03:22:55,108] [INFO] z*************@1**.com 系统无法接受您的验证结果，请完成非机器人验证。如果看不到非机器人验证按钮，请先翻墙再刷新页面。
[2024-07-04 03:24:22,458] [INFO] z*************@1**.com 系统无法接受您的验证结果，请完成非机器人验证。如果看不到非机器人验证按钮，请先翻墙再刷新页面。
[2024-07-05 03:22:50,927] [INFO] z*************@1**.com 系统无法接受您的验证结果，请完成非机器人验证。如果看不到非机器人验证按钮，请先翻墙再刷新页面。
[2024-07-06 03:24:06,920] [INFO] z*************@1**.com 系统无法接受您的验证结果，请完成非机器人验证。如果看不到非机器人验证按钮，请先翻墙再刷新页面。
[2024-07-07 03:23:28,182] [INFO] z*************@1**.com 系统无法接受您的验证结果，请完成非机器人验证。如果看不到非机器人验证按钮，请先翻墙再刷新页面。
[2024-07-08 03:24:55,240] [INFO] z*************@1**.com 系统无法接受您的验证结果，请完成非机器人验证。如果看不到非机器人验证按钮，请先翻墙再刷新页面。
